[2025-12-23 22:17:02] Using device: cuda
[2025-12-23 22:17:02] Config: {'seed': 42, 'deterministic': True, 'device': 'cuda', 'data': {'data_root': 'data/toy', 'norm': {'seismic': 'zscore', 'impedance': 'zscore', 'eps': 1e-06}}, 'model': {'name': 'ms_physformer', 'base': 48, 'depth': 4, 'nhead': 4, 'tf_dim_mult': 2, 'tf_layers': 2}, 'physics': {'dt_s': 0.002, 'wavelet_f0_hz': 30.0, 'wavelet_length_s': 0.128, 'eps': 1e-06}, 'train': {'epochs': 50, 'batch_size': 8, 'batch_size_eval': 16, 'lr': 0.001, 'weight_decay': 0.0001, 'grad_clip': 5.0, 'sup_loss': 'smoothl1', 'use_unlabeled': False, 'use_teacher': False, 'lambda_phys': 0.0, 'lambda_freq': 0.0, 'lambda_cons': 0.0, 'phys_loss_mode': 'mse', 'stft_n_fft': 256, 'stft_hop': 64, 'stft_win': 256, 'aug_noise': 0.02, 'aug_amp': 0.1, 'aug_shift': 8, 'ema': 0.99}, 'output': {'root': 'results', 'exp_name': 'ms_physformer_supervised', 'make_plots': True}}
[2025-12-23 22:17:05] Epoch 1: train_total=0.864513 val_mse=1.052784 val_pcc=0.0552 val_r2=-0.0339
[2025-12-23 22:17:06] Epoch 2: train_total=0.784749 val_mse=1.054965 val_pcc=0.0990 val_r2=-0.0361
[2025-12-23 22:17:06] Epoch 3: train_total=0.732911 val_mse=1.066939 val_pcc=0.0845 val_r2=-0.0478
[2025-12-23 22:17:06] Epoch 4: train_total=0.653996 val_mse=1.031075 val_pcc=-0.0393 val_r2=-0.0126
[2025-12-23 22:17:07] Epoch 5: train_total=0.616295 val_mse=1.337136 val_pcc=0.2359 val_r2=-0.3132
[2025-12-23 22:17:07] Epoch 6: train_total=0.614395 val_mse=3.241423 val_pcc=0.2995 val_r2=-2.1834
[2025-12-23 22:17:08] Epoch 7: train_total=0.617362 val_mse=2.341909 val_pcc=0.2217 val_r2=-1.3000
[2025-12-23 22:17:08] Epoch 8: train_total=0.594287 val_mse=3.135827 val_pcc=0.2303 val_r2=-2.0797
[2025-12-23 22:17:08] Epoch 9: train_total=0.550319 val_mse=1.651524 val_pcc=0.2825 val_r2=-0.6220
[2025-12-23 22:17:09] Epoch 10: train_total=0.571053 val_mse=2.446445 val_pcc=0.3926 val_r2=-1.4027
[2025-12-23 22:17:09] Epoch 11: train_total=0.532016 val_mse=1.449298 val_pcc=0.3436 val_r2=-0.4234
[2025-12-23 22:17:10] Epoch 12: train_total=0.578236 val_mse=1.274457 val_pcc=0.3506 val_r2=-0.2517
[2025-12-23 22:17:10] Epoch 13: train_total=0.515652 val_mse=1.556757 val_pcc=0.2841 val_r2=-0.5289
[2025-12-23 22:17:10] Epoch 14: train_total=0.510692 val_mse=1.006851 val_pcc=0.4254 val_r2=0.0112
[2025-12-23 22:17:11] Epoch 15: train_total=0.462400 val_mse=1.139058 val_pcc=0.4192 val_r2=-0.1187
[2025-12-23 22:17:11] Epoch 16: train_total=0.480397 val_mse=0.839463 val_pcc=0.4821 val_r2=0.1756
[2025-12-23 22:17:12] Epoch 17: train_total=0.507572 val_mse=0.849945 val_pcc=0.4371 val_r2=0.1653
[2025-12-23 22:17:12] Epoch 18: train_total=0.529766 val_mse=0.962576 val_pcc=0.4002 val_r2=0.0546
[2025-12-23 22:17:13] Epoch 19: train_total=0.491290 val_mse=0.831452 val_pcc=0.4829 val_r2=0.1834
[2025-12-23 22:17:13] Epoch 20: train_total=0.494642 val_mse=0.894171 val_pcc=0.4373 val_r2=0.1218
[2025-12-23 22:17:13] Epoch 21: train_total=0.476302 val_mse=1.047499 val_pcc=0.3201 val_r2=-0.0288
[2025-12-23 22:17:14] Epoch 22: train_total=0.464513 val_mse=1.055436 val_pcc=0.4184 val_r2=-0.0366
[2025-12-23 22:17:14] Epoch 23: train_total=0.494153 val_mse=0.934116 val_pcc=0.4329 val_r2=0.0826
[2025-12-23 22:17:15] Epoch 24: train_total=0.448775 val_mse=0.920919 val_pcc=0.3976 val_r2=0.0956
[2025-12-23 22:17:15] Epoch 25: train_total=0.441772 val_mse=0.904974 val_pcc=0.4154 val_r2=0.1112
[2025-12-23 22:17:15] Epoch 26: train_total=0.414529 val_mse=0.980558 val_pcc=0.3838 val_r2=0.0370
[2025-12-23 22:17:16] Epoch 27: train_total=0.410312 val_mse=0.956629 val_pcc=0.3614 val_r2=0.0605
[2025-12-23 22:17:16] Epoch 28: train_total=0.386773 val_mse=0.975450 val_pcc=0.4071 val_r2=0.0420
[2025-12-23 22:17:17] Epoch 29: train_total=0.377331 val_mse=1.005323 val_pcc=0.4188 val_r2=0.0127
[2025-12-23 22:17:17] Epoch 30: train_total=0.373315 val_mse=1.017707 val_pcc=0.4031 val_r2=0.0005
[2025-12-23 22:17:17] Epoch 31: train_total=0.341470 val_mse=0.949228 val_pcc=0.4089 val_r2=0.0678
[2025-12-23 22:17:18] Epoch 32: train_total=0.326421 val_mse=0.957921 val_pcc=0.3849 val_r2=0.0592
[2025-12-23 22:17:18] Epoch 33: train_total=0.333234 val_mse=0.959293 val_pcc=0.3682 val_r2=0.0579
[2025-12-23 22:17:19] Epoch 34: train_total=0.315783 val_mse=0.970494 val_pcc=0.3708 val_r2=0.0469
[2025-12-23 22:17:19] Epoch 35: train_total=0.336339 val_mse=0.947047 val_pcc=0.3902 val_r2=0.0699
[2025-12-23 22:17:19] Epoch 36: train_total=0.322843 val_mse=0.960923 val_pcc=0.3799 val_r2=0.0563
[2025-12-23 22:17:20] Epoch 37: train_total=0.315685 val_mse=0.946658 val_pcc=0.3879 val_r2=0.0703
[2025-12-23 22:17:20] Epoch 38: train_total=0.328332 val_mse=0.938113 val_pcc=0.3885 val_r2=0.0787
[2025-12-23 22:17:21] Epoch 39: train_total=0.304972 val_mse=0.943506 val_pcc=0.3812 val_r2=0.0734
[2025-12-23 22:17:21] Epoch 40: train_total=0.320059 val_mse=0.945232 val_pcc=0.3775 val_r2=0.0717
[2025-12-23 22:17:21] Epoch 41: train_total=0.317130 val_mse=0.934882 val_pcc=0.3818 val_r2=0.0818
[2025-12-23 22:17:22] Epoch 42: train_total=0.296562 val_mse=0.941176 val_pcc=0.3792 val_r2=0.0757
[2025-12-23 22:17:22] Epoch 43: train_total=0.315827 val_mse=0.942677 val_pcc=0.3794 val_r2=0.0742
[2025-12-23 22:17:22] Epoch 44: train_total=0.296542 val_mse=0.943493 val_pcc=0.3810 val_r2=0.0734
[2025-12-23 22:17:23] Epoch 45: train_total=0.310916 val_mse=0.940924 val_pcc=0.3837 val_r2=0.0759
[2025-12-23 22:17:23] Epoch 46: train_total=0.314270 val_mse=0.943850 val_pcc=0.3862 val_r2=0.0730
[2025-12-23 22:17:24] Epoch 47: train_total=0.303810 val_mse=0.944818 val_pcc=0.3826 val_r2=0.0721
[2025-12-23 22:17:24] Epoch 48: train_total=0.329249 val_mse=0.943163 val_pcc=0.3903 val_r2=0.0737
[2025-12-23 22:17:24] Epoch 49: train_total=0.316765 val_mse=0.943178 val_pcc=0.3828 val_r2=0.0737
[2025-12-23 22:17:25] Epoch 50: train_total=0.311124 val_mse=0.941578 val_pcc=0.3863 val_r2=0.0753
[2025-12-23 22:17:28] Done. test_metrics={'MSE': 1.0716348606738877, 'PCC': 0.3722690967642965, 'R2': 0.04175215229740803}
