[2025-12-23 19:41:11] Using device: cuda
[2025-12-23 19:41:11] Config: {'seed': 42, 'deterministic': True, 'device': 'cuda', 'data': {'data_root': 'data/toy', 'norm': {'seismic': 'zscore', 'impedance': 'zscore', 'eps': 1e-06}}, 'model': {'name': 'ms_physformer', 'base': 48, 'depth': 4, 'nhead': 4, 'tf_dim_mult': 2, 'tf_layers': 2}, 'physics': {'dt_s': 0.002, 'wavelet_f0_hz': 30.0, 'wavelet_length_s': 0.128, 'eps': 1e-06}, 'train': {'epochs': 5, 'batch_size': 8, 'batch_size_eval': 16, 'lr': 0.001, 'weight_decay': 0.0001, 'grad_clip': 5.0, 'sup_loss': 'smoothl1', 'use_unlabeled': True, 'use_teacher': True, 'lambda_phys': 1.0, 'lambda_freq': 0.3, 'lambda_cons': 0.2, 'phys_loss_mode': 'mse', 'stft_n_fft': 256, 'stft_hop': 64, 'stft_win': 256, 'aug_noise': 0.03, 'aug_amp': 0.15, 'aug_shift': 12, 'ema': 0.99}, 'output': {'root': 'results', 'exp_name': 'new_ms_physformer', 'make_plots': True}}
[2025-12-23 19:41:33] Using device: cuda
[2025-12-23 19:41:33] Config: {'seed': 42, 'deterministic': True, 'device': 'cuda', 'data': {'data_root': 'data/toy', 'norm': {'seismic': 'zscore', 'impedance': 'zscore', 'eps': 1e-06}}, 'model': {'name': 'ms_physformer', 'base': 48, 'depth': 4, 'nhead': 4, 'tf_dim_mult': 2, 'tf_layers': 2}, 'physics': {'dt_s': 0.002, 'wavelet_f0_hz': 30.0, 'wavelet_length_s': 0.128, 'eps': 1e-06}, 'train': {'epochs': 5, 'batch_size': 8, 'batch_size_eval': 16, 'lr': 0.001, 'weight_decay': 0.0001, 'grad_clip': 5.0, 'sup_loss': 'smoothl1', 'use_unlabeled': True, 'use_teacher': True, 'lambda_phys': 1.0, 'lambda_freq': 0.3, 'lambda_cons': 0.2, 'phys_loss_mode': 'mse', 'stft_n_fft': 256, 'stft_hop': 64, 'stft_win': 256, 'aug_noise': 0.03, 'aug_amp': 0.15, 'aug_shift': 12, 'ema': 0.99}, 'output': {'root': 'results', 'exp_name': 'new_ms_physformer', 'make_plots': True}}
[2025-12-23 19:41:42] Using device: cuda
[2025-12-23 19:41:42] Config: {'seed': 42, 'deterministic': True, 'device': 'cuda', 'data': {'data_root': 'data/toy', 'norm': {'seismic': 'zscore', 'impedance': 'zscore', 'eps': 1e-06}}, 'model': {'name': 'ms_physformer', 'base': 48, 'depth': 4, 'nhead': 4, 'tf_dim_mult': 2, 'tf_layers': 2}, 'physics': {'dt_s': 0.002, 'wavelet_f0_hz': 30.0, 'wavelet_length_s': 0.128, 'eps': 1e-06}, 'train': {'epochs': 3, 'batch_size': 8, 'batch_size_eval': 16, 'lr': 0.001, 'weight_decay': 0.0001, 'grad_clip': 5.0, 'sup_loss': 'smoothl1', 'use_unlabeled': True, 'use_teacher': True, 'lambda_phys': 1.0, 'lambda_freq': 0.3, 'lambda_cons': 0.2, 'phys_loss_mode': 'mse', 'stft_n_fft': 256, 'stft_hop': 64, 'stft_win': 256, 'aug_noise': 0.03, 'aug_amp': 0.15, 'aug_shift': 12, 'ema': 0.99}, 'output': {'root': 'results', 'exp_name': 'new_ms_physformer', 'make_plots': True}}
[2025-12-23 19:42:19] Using device: cuda
[2025-12-23 19:42:19] Config: {'seed': 42, 'deterministic': True, 'device': 'cuda', 'data': {'data_root': 'data/toy', 'norm': {'seismic': 'zscore', 'impedance': 'zscore', 'eps': 1e-06}}, 'model': {'name': 'ms_physformer', 'base': 48, 'depth': 4, 'nhead': 4, 'tf_dim_mult': 2, 'tf_layers': 2}, 'physics': {'dt_s': 0.002, 'wavelet_f0_hz': 30.0, 'wavelet_length_s': 0.128, 'eps': 1e-06}, 'train': {'epochs': 3, 'batch_size': 8, 'batch_size_eval': 16, 'lr': 0.001, 'weight_decay': 0.0001, 'grad_clip': 5.0, 'sup_loss': 'smoothl1', 'use_unlabeled': True, 'use_teacher': True, 'lambda_phys': 1.0, 'lambda_freq': 0.3, 'lambda_cons': 0.2, 'phys_loss_mode': 'mse', 'stft_n_fft': 256, 'stft_hop': 64, 'stft_win': 256, 'aug_noise': 0.03, 'aug_amp': 0.15, 'aug_shift': 12, 'ema': 0.99}, 'output': {'root': 'results', 'exp_name': 'new_ms_physformer', 'make_plots': True}}
[2025-12-23 19:42:23] Epoch 1: train_total=18265097.578125 val_mse=1.039608 val_pcc=-0.0483 val_r2=-0.0210
[2025-12-23 19:42:24] Epoch 2: train_total=57826810.246094 val_mse=1.046603 val_pcc=-0.0184 val_r2=-0.0279
[2025-12-23 19:42:25] Epoch 3: train_total=2158779.347656 val_mse=1.118994 val_pcc=-0.0064 val_r2=-0.0990
[2025-12-23 19:42:28] Done. test_metrics={'MSE': 1.1302631526189584, 'PCC': -0.004312963378580721, 'R2': -0.010672826240071265}
[2025-12-23 19:42:44] Using device: cuda
[2025-12-23 19:42:44] Config: {'seed': 42, 'deterministic': True, 'device': 'cuda', 'data': {'data_root': 'data/toy', 'norm': {'seismic': 'zscore', 'impedance': 'zscore', 'eps': 1e-06}}, 'model': {'name': 'ms_physformer', 'base': 48, 'depth': 4, 'nhead': 4, 'tf_dim_mult': 2, 'tf_layers': 2}, 'physics': {'dt_s': 0.002, 'wavelet_f0_hz': 30.0, 'wavelet_length_s': 0.128, 'eps': 1e-06}, 'train': {'epochs': 3, 'batch_size': 8, 'batch_size_eval': 16, 'lr': 0.001, 'weight_decay': 0.0001, 'grad_clip': 5.0, 'sup_loss': 'smoothl1', 'use_unlabeled': True, 'use_teacher': True, 'lambda_phys': 0.01, 'lambda_freq': 0.01, 'lambda_cons': 0.2, 'phys_loss_mode': 'mse', 'stft_n_fft': 256, 'stft_hop': 64, 'stft_win': 256, 'aug_noise': 0.03, 'aug_amp': 0.15, 'aug_shift': 12, 'ema': 0.99}, 'output': {'root': 'results', 'exp_name': 'new_ms_physformer', 'make_plots': True}}
[2025-12-23 19:42:49] Epoch 1: train_total=288265.082764 val_mse=1.037857 val_pcc=-0.0586 val_r2=-0.0193
[2025-12-23 19:42:50] Epoch 2: train_total=775615557.845367 val_mse=1.071211 val_pcc=-0.0358 val_r2=-0.0520
[2025-12-23 19:42:51] Epoch 3: train_total=20596.267090 val_mse=1.339281 val_pcc=-0.0347 val_r2=-0.3153
[2025-12-23 19:42:54] Done. test_metrics={'MSE': 1.128817745158977, 'PCC': -0.014177147504803174, 'R2': -0.009380353739961045}
[2025-12-23 19:43:02] Using device: cuda
[2025-12-23 19:43:02] Config: {'seed': 42, 'deterministic': True, 'device': 'cuda', 'data': {'data_root': 'data/toy', 'norm': {'seismic': 'zscore', 'impedance': 'zscore', 'eps': 1e-06}}, 'model': {'name': 'ms_physformer', 'base': 48, 'depth': 4, 'nhead': 4, 'tf_dim_mult': 2, 'tf_layers': 2}, 'physics': {'dt_s': 0.002, 'wavelet_f0_hz': 30.0, 'wavelet_length_s': 0.128, 'eps': 1e-06}, 'train': {'epochs': 10, 'batch_size': 8, 'batch_size_eval': 16, 'lr': 0.001, 'weight_decay': 0.0001, 'grad_clip': 5.0, 'sup_loss': 'smoothl1', 'use_unlabeled': True, 'use_teacher': False, 'lambda_phys': 0.0, 'lambda_freq': 0.0, 'lambda_cons': 0.0, 'phys_loss_mode': 'mse', 'stft_n_fft': 256, 'stft_hop': 64, 'stft_win': 256, 'aug_noise': 0.03, 'aug_amp': 0.15, 'aug_shift': 12, 'ema': 0.99}, 'output': {'root': 'results', 'exp_name': 'new_ms_physformer', 'make_plots': True}}
[2025-12-23 19:43:06] Epoch 1: train_total=0.864992 val_mse=1.052383 val_pcc=0.0311 val_r2=-0.0336
[2025-12-23 19:43:06] Epoch 2: train_total=0.783512 val_mse=1.039660 val_pcc=0.0631 val_r2=-0.0211
[2025-12-23 19:43:07] Epoch 3: train_total=0.724024 val_mse=0.983288 val_pcc=0.3824 val_r2=0.0343
[2025-12-23 19:43:07] Epoch 4: train_total=0.704267 val_mse=0.963676 val_pcc=0.4141 val_r2=0.0536
[2025-12-23 19:43:08] Epoch 5: train_total=0.657314 val_mse=0.950677 val_pcc=0.4242 val_r2=0.0663
[2025-12-23 19:43:09] Epoch 6: train_total=0.636336 val_mse=0.986041 val_pcc=0.3163 val_r2=0.0316
[2025-12-23 19:43:09] Epoch 7: train_total=0.583842 val_mse=1.223933 val_pcc=0.2686 val_r2=-0.2020
[2025-12-23 19:43:10] Epoch 8: train_total=0.568555 val_mse=1.013476 val_pcc=0.3500 val_r2=0.0047
[2025-12-23 19:43:10] Epoch 9: train_total=0.553956 val_mse=0.970572 val_pcc=0.3679 val_r2=0.0468
[2025-12-23 19:43:11] Epoch 10: train_total=0.523407 val_mse=0.989405 val_pcc=0.3585 val_r2=0.0283
[2025-12-23 19:43:14] Done. test_metrics={'MSE': 0.9608482003964224, 'PCC': 0.4636830935379539, 'R2': 0.14081675224732104}
[2025-12-23 22:16:33] Using device: cuda
[2025-12-23 22:16:33] Config: {'seed': 42, 'deterministic': True, 'device': 'cuda', 'data': {'data_root': 'data/toy', 'norm': {'seismic': 'zscore', 'impedance': 'zscore', 'eps': 1e-06}}, 'model': {'name': 'ms_physformer', 'base': 48, 'depth': 4, 'nhead': 4, 'tf_dim_mult': 2, 'tf_layers': 2}, 'physics': {'dt_s': 0.002, 'wavelet_f0_hz': 30.0, 'wavelet_length_s': 0.128, 'eps': 1e-06}, 'train': {'epochs': '50 train.lambda_phys=0.0 train.lambda_freq=0.0 train.lambda_cons=0.0 train.use_teacher=false output.exp_name=ms_physformer_supervised', 'batch_size': 8, 'batch_size_eval': 16, 'lr': 0.001, 'weight_decay': 0.0001, 'grad_clip': 5.0, 'sup_loss': 'smoothl1', 'use_unlabeled': True, 'use_teacher': True, 'lambda_phys': 1.0, 'lambda_freq': 0.3, 'lambda_cons': 0.2, 'phys_loss_mode': 'mse', 'stft_n_fft': 256, 'stft_hop': 64, 'stft_win': 256, 'aug_noise': 0.03, 'aug_amp': 0.15, 'aug_shift': 12, 'ema': 0.99}, 'output': {'root': 'results', 'exp_name': 'new_ms_physformer', 'make_plots': True}}
