[2026-01-02 18:34:12] Using device: cuda
[2026-01-02 18:34:12] Config: {'seed': 42, 'deterministic': True, 'device': 'cuda', 'data': {'data_root': 'data/01_20Hz', 'norm': {'seismic': 'zscore', 'impedance': 'zscore', 'eps': 1e-06}}, 'model': {'name': 'unet1d', 'base': 48, 'depth': 5}, 'physics': {'dt_s': 0.01, 'wavelet_f0_hz': 20.0, 'wavelet_length_s': 0.128, 'eps': 1e-06}, 'train': {'epochs': 150, 'batch_size': 16, 'batch_size_eval': 32, 'lr': 0.001, 'weight_decay': 0.0001, 'grad_clip': 5.0, 'sup_loss': 'smoothl1', 'use_unlabeled': False, 'use_teacher': False, 'lambda_phys': 0.0, 'lambda_freq': 0.0, 'lambda_cons': 0.0, 'phys_loss_mode': 'mse', 'stft_n_fft': 256, 'stft_hop': 64, 'stft_win': 256, 'aug_noise': 0.01, 'aug_amp': 0.05, 'aug_shift': 5, 'ema': 0.99}, 'output': {'root': 'results', 'exp_name': '01_20Hz_unet1d', 'make_plots': True}}
[2026-01-02 18:34:15] Epoch 1: train_total=0.237430 val_mse=0.932195 val_pcc=0.0594 val_r2=0.0004
[2026-01-02 18:34:16] Epoch 2: train_total=0.204823 val_mse=0.931714 val_pcc=0.0605 val_r2=0.0009
[2026-01-02 18:34:17] Epoch 3: train_total=0.189307 val_mse=0.932890 val_pcc=0.0660 val_r2=-0.0003
[2026-01-02 18:34:18] Epoch 4: train_total=0.170498 val_mse=0.934702 val_pcc=0.0711 val_r2=-0.0023
[2026-01-02 18:34:19] Epoch 5: train_total=0.192974 val_mse=0.937765 val_pcc=0.0810 val_r2=-0.0056
[2026-01-02 18:34:20] Epoch 6: train_total=0.193152 val_mse=0.939644 val_pcc=0.0856 val_r2=-0.0076
[2026-01-02 18:34:22] Epoch 7: train_total=0.179753 val_mse=0.940697 val_pcc=0.0944 val_r2=-0.0087
[2026-01-02 18:34:23] Epoch 8: train_total=0.188804 val_mse=0.941103 val_pcc=0.0848 val_r2=-0.0091
[2026-01-02 18:34:24] Epoch 9: train_total=0.215137 val_mse=0.942109 val_pcc=0.1037 val_r2=-0.0102
[2026-01-02 18:34:25] Epoch 10: train_total=0.179061 val_mse=0.941246 val_pcc=0.1099 val_r2=-0.0093
[2026-01-02 18:34:26] Epoch 11: train_total=0.191665 val_mse=0.939518 val_pcc=0.1247 val_r2=-0.0074
[2026-01-02 18:34:27] Epoch 12: train_total=0.184397 val_mse=0.941838 val_pcc=0.1156 val_r2=-0.0099
[2026-01-02 18:34:28] Epoch 13: train_total=0.184506 val_mse=0.933347 val_pcc=0.1311 val_r2=-0.0008
[2026-01-02 18:34:29] Epoch 14: train_total=0.177568 val_mse=0.932624 val_pcc=0.1360 val_r2=-0.0000
[2026-01-02 18:34:30] Epoch 15: train_total=0.193699 val_mse=0.937716 val_pcc=0.1009 val_r2=-0.0055
[2026-01-02 18:34:31] Epoch 16: train_total=0.175500 val_mse=0.937538 val_pcc=0.0898 val_r2=-0.0053
[2026-01-02 18:34:32] Epoch 17: train_total=0.172562 val_mse=0.937129 val_pcc=0.0862 val_r2=-0.0049
[2026-01-02 18:34:33] Epoch 18: train_total=0.180642 val_mse=0.943982 val_pcc=0.0750 val_r2=-0.0122
[2026-01-02 18:34:34] Epoch 19: train_total=0.191689 val_mse=1.010445 val_pcc=0.0883 val_r2=-0.0835
[2026-01-02 18:34:35] Epoch 20: train_total=0.169671 val_mse=0.918079 val_pcc=0.1360 val_r2=0.0156
[2026-01-02 18:34:36] Epoch 21: train_total=0.176938 val_mse=0.920093 val_pcc=0.1401 val_r2=0.0134
[2026-01-02 18:34:37] Epoch 22: train_total=0.161590 val_mse=0.902846 val_pcc=0.1795 val_r2=0.0319
[2026-01-02 18:34:39] Epoch 23: train_total=0.152839 val_mse=0.900831 val_pcc=0.1951 val_r2=0.0341
[2026-01-02 18:34:40] Epoch 24: train_total=0.135958 val_mse=0.868089 val_pcc=0.2683 val_r2=0.0692
[2026-01-02 18:34:41] Epoch 25: train_total=0.151481 val_mse=0.893746 val_pcc=0.2491 val_r2=0.0416
[2026-01-02 18:34:42] Epoch 26: train_total=0.156652 val_mse=3.275424 val_pcc=0.1028 val_r2=-2.5122
[2026-01-02 18:34:43] Epoch 27: train_total=0.125244 val_mse=0.828524 val_pcc=0.3493 val_r2=0.1116
[2026-01-02 18:34:44] Epoch 28: train_total=0.132639 val_mse=0.886669 val_pcc=0.4066 val_r2=0.0492
[2026-01-02 18:34:45] Epoch 29: train_total=0.128047 val_mse=0.906276 val_pcc=0.2347 val_r2=0.0282
[2026-01-02 18:34:46] Epoch 30: train_total=0.149821 val_mse=1.062648 val_pcc=0.1793 val_r2=-0.1395
[2026-01-02 18:34:47] Epoch 31: train_total=0.166702 val_mse=5.389511 val_pcc=0.0961 val_r2=-4.7791
[2026-01-02 18:34:48] Epoch 32: train_total=0.124869 val_mse=8.012151 val_pcc=0.0847 val_r2=-7.5913
[2026-01-02 18:34:49] Epoch 33: train_total=0.156971 val_mse=5.298964 val_pcc=0.0921 val_r2=-4.6820
[2026-01-02 18:34:50] Epoch 34: train_total=0.153671 val_mse=16.212568 val_pcc=0.0722 val_r2=-16.3845
[2026-01-02 18:34:52] Epoch 35: train_total=0.152003 val_mse=13.952129 val_pcc=0.0789 val_r2=-13.9607
[2026-01-02 18:34:53] Epoch 36: train_total=0.163085 val_mse=0.892811 val_pcc=0.3146 val_r2=0.0427
[2026-01-02 18:34:54] Epoch 37: train_total=0.136962 val_mse=1.009038 val_pcc=0.0606 val_r2=-0.0820
[2026-01-02 18:34:55] Epoch 38: train_total=0.140355 val_mse=0.944475 val_pcc=0.2146 val_r2=-0.0127
[2026-01-02 18:34:56] Epoch 39: train_total=0.140358 val_mse=3.006215 val_pcc=0.1024 val_r2=-2.2235
[2026-01-02 18:34:57] Epoch 40: train_total=0.119287 val_mse=1.865476 val_pcc=0.1183 val_r2=-1.0003
[2026-01-02 18:34:58] Epoch 41: train_total=0.150940 val_mse=1.990352 val_pcc=0.0936 val_r2=-1.1342
[2026-01-02 18:34:59] Epoch 42: train_total=0.133446 val_mse=2.264733 val_pcc=0.1450 val_r2=-1.4284
[2026-01-02 18:35:00] Epoch 43: train_total=0.140431 val_mse=0.870063 val_pcc=0.3441 val_r2=0.0670
[2026-01-02 18:35:01] Epoch 44: train_total=0.158930 val_mse=2.414210 val_pcc=0.1325 val_r2=-1.5887
[2026-01-02 18:35:02] Epoch 45: train_total=0.160845 val_mse=0.886293 val_pcc=0.2807 val_r2=0.0496
[2026-01-02 18:35:03] Epoch 46: train_total=0.137454 val_mse=0.936611 val_pcc=0.3620 val_r2=-0.0043
[2026-01-02 18:35:04] Epoch 47: train_total=0.114607 val_mse=0.906263 val_pcc=0.4180 val_r2=0.0282
[2026-01-02 18:35:05] Epoch 48: train_total=0.112415 val_mse=0.780603 val_pcc=0.4934 val_r2=0.1630
[2026-01-02 18:35:06] Epoch 49: train_total=0.130712 val_mse=0.728873 val_pcc=0.5479 val_r2=0.2184
[2026-01-02 18:35:08] Epoch 50: train_total=0.154181 val_mse=0.807043 val_pcc=0.4553 val_r2=0.1346
[2026-01-02 18:35:09] Epoch 51: train_total=0.133463 val_mse=0.552620 val_pcc=0.6482 val_r2=0.4074
[2026-01-02 18:35:10] Epoch 52: train_total=0.139922 val_mse=0.439821 val_pcc=0.7438 val_r2=0.5284
[2026-01-02 18:35:11] Epoch 53: train_total=0.146148 val_mse=0.516297 val_pcc=0.6712 val_r2=0.4464
[2026-01-02 18:35:12] Epoch 54: train_total=0.136445 val_mse=0.918638 val_pcc=0.4979 val_r2=0.0150
[2026-01-02 18:35:13] Epoch 55: train_total=0.131392 val_mse=0.523837 val_pcc=0.6666 val_r2=0.4383
[2026-01-02 18:35:14] Epoch 56: train_total=0.126823 val_mse=0.557009 val_pcc=0.6377 val_r2=0.4027
[2026-01-02 18:35:15] Epoch 57: train_total=0.142718 val_mse=0.526566 val_pcc=0.6729 val_r2=0.4354
[2026-01-02 18:35:16] Epoch 58: train_total=0.120456 val_mse=0.805950 val_pcc=0.4367 val_r2=0.1358
[2026-01-02 18:35:17] Epoch 59: train_total=0.157884 val_mse=0.909236 val_pcc=0.2497 val_r2=0.0250
[2026-01-02 18:35:18] Epoch 60: train_total=0.126763 val_mse=0.930536 val_pcc=0.1927 val_r2=0.0022
[2026-01-02 18:35:20] Epoch 61: train_total=0.133289 val_mse=0.961574 val_pcc=0.1805 val_r2=-0.0311
[2026-01-02 18:35:21] Epoch 62: train_total=0.127415 val_mse=0.895620 val_pcc=0.3062 val_r2=0.0396
[2026-01-02 18:35:22] Epoch 63: train_total=0.125709 val_mse=0.931307 val_pcc=0.3127 val_r2=0.0014
[2026-01-02 18:35:23] Epoch 64: train_total=0.128429 val_mse=0.839538 val_pcc=0.3555 val_r2=0.0998
[2026-01-02 18:35:24] Epoch 65: train_total=0.125143 val_mse=0.844559 val_pcc=0.4074 val_r2=0.0944
[2026-01-02 18:35:25] Epoch 66: train_total=0.144667 val_mse=0.802698 val_pcc=0.4519 val_r2=0.1393
[2026-01-02 18:35:26] Epoch 67: train_total=0.125820 val_mse=0.798229 val_pcc=0.4079 val_r2=0.1441
[2026-01-02 18:35:27] Epoch 68: train_total=0.098437 val_mse=0.698097 val_pcc=0.5519 val_r2=0.2514
[2026-01-02 18:35:28] Epoch 69: train_total=0.084643 val_mse=0.609779 val_pcc=0.5947 val_r2=0.3461
[2026-01-02 18:35:29] Epoch 70: train_total=0.126938 val_mse=1.137274 val_pcc=0.4448 val_r2=-0.2195
[2026-01-02 18:35:30] Epoch 71: train_total=0.129228 val_mse=0.688561 val_pcc=0.5328 val_r2=0.2617
[2026-01-02 18:35:32] Epoch 72: train_total=0.104656 val_mse=0.923577 val_pcc=0.4220 val_r2=0.0097
[2026-01-02 18:35:33] Epoch 73: train_total=0.138198 val_mse=0.782868 val_pcc=0.4376 val_r2=0.1605
[2026-01-02 18:35:34] Epoch 74: train_total=0.127759 val_mse=0.803825 val_pcc=0.4096 val_r2=0.1381
[2026-01-02 18:35:35] Epoch 75: train_total=0.120341 val_mse=0.817518 val_pcc=0.3957 val_r2=0.1234
[2026-01-02 18:35:36] Epoch 76: train_total=0.117757 val_mse=0.825748 val_pcc=0.3804 val_r2=0.1146
[2026-01-02 18:35:37] Epoch 77: train_total=0.119392 val_mse=0.829914 val_pcc=0.3708 val_r2=0.1101
[2026-01-02 18:35:38] Epoch 78: train_total=0.135602 val_mse=0.809452 val_pcc=0.3978 val_r2=0.1320
[2026-01-02 18:35:39] Epoch 79: train_total=0.120479 val_mse=0.745316 val_pcc=0.4735 val_r2=0.2008
[2026-01-02 18:35:40] Epoch 80: train_total=0.171178 val_mse=0.701571 val_pcc=0.5217 val_r2=0.2477
[2026-01-02 18:35:41] Epoch 81: train_total=0.136727 val_mse=0.665048 val_pcc=0.5545 val_r2=0.2869
[2026-01-02 18:35:42] Epoch 82: train_total=0.137635 val_mse=0.593119 val_pcc=0.6331 val_r2=0.3640
[2026-01-02 18:35:44] Epoch 83: train_total=0.138192 val_mse=0.648672 val_pcc=0.5925 val_r2=0.3044
[2026-01-02 18:35:45] Epoch 84: train_total=0.158653 val_mse=0.610127 val_pcc=0.6001 val_r2=0.3458
[2026-01-02 18:35:46] Epoch 85: train_total=0.116245 val_mse=1.096348 val_pcc=0.4550 val_r2=-0.1756
[2026-01-02 18:35:47] Epoch 86: train_total=0.103526 val_mse=0.631421 val_pcc=0.5823 val_r2=0.3229
[2026-01-02 18:35:48] Epoch 87: train_total=0.102859 val_mse=0.594637 val_pcc=0.6245 val_r2=0.3624
[2026-01-02 18:35:49] Epoch 88: train_total=0.127160 val_mse=0.507729 val_pcc=0.6804 val_r2=0.4556
[2026-01-02 18:35:50] Epoch 89: train_total=0.097986 val_mse=0.992375 val_pcc=0.5758 val_r2=-0.0641
[2026-01-02 18:35:51] Epoch 90: train_total=0.133587 val_mse=0.770850 val_pcc=0.6238 val_r2=0.1734
[2026-01-02 18:35:52] Epoch 91: train_total=0.119826 val_mse=0.472275 val_pcc=0.7070 val_r2=0.4936
[2026-01-02 18:35:53] Epoch 92: train_total=0.120042 val_mse=0.434153 val_pcc=0.7324 val_r2=0.5345
[2026-01-02 18:35:55] Epoch 93: train_total=0.117012 val_mse=0.563460 val_pcc=0.6740 val_r2=0.3958
[2026-01-02 18:35:56] Epoch 94: train_total=0.156546 val_mse=0.870344 val_pcc=0.5391 val_r2=0.0667
[2026-01-02 18:35:57] Epoch 95: train_total=0.161625 val_mse=0.539267 val_pcc=0.6656 val_r2=0.4218
[2026-01-02 18:35:58] Epoch 96: train_total=0.143394 val_mse=0.586789 val_pcc=0.6164 val_r2=0.3708
[2026-01-02 18:35:59] Epoch 97: train_total=0.148454 val_mse=0.599520 val_pcc=0.6076 val_r2=0.3571
[2026-01-02 18:36:00] Epoch 98: train_total=0.141047 val_mse=0.559744 val_pcc=0.6371 val_r2=0.3998
[2026-01-02 18:36:01] Epoch 99: train_total=0.157684 val_mse=0.510186 val_pcc=0.6826 val_r2=0.4529
[2026-01-02 18:36:02] Epoch 100: train_total=0.126485 val_mse=0.750048 val_pcc=0.5606 val_r2=0.1957
[2026-01-02 18:36:03] Epoch 101: train_total=0.128501 val_mse=0.513035 val_pcc=0.6859 val_r2=0.4499
[2026-01-02 18:36:04] Epoch 102: train_total=0.133831 val_mse=0.483731 val_pcc=0.7047 val_r2=0.4813
[2026-01-02 18:36:05] Epoch 103: train_total=0.120548 val_mse=1.251164 val_pcc=0.4775 val_r2=-0.3416
[2026-01-02 18:36:07] Epoch 104: train_total=0.140754 val_mse=0.739033 val_pcc=0.6023 val_r2=0.2075
[2026-01-02 18:36:08] Epoch 105: train_total=0.113943 val_mse=0.382061 val_pcc=0.7693 val_r2=0.5903
[2026-01-02 18:36:09] Epoch 106: train_total=0.124044 val_mse=0.804113 val_pcc=0.6178 val_r2=0.1378
[2026-01-02 18:36:10] Epoch 107: train_total=0.112556 val_mse=0.392660 val_pcc=0.7673 val_r2=0.5790
[2026-01-02 18:36:11] Epoch 108: train_total=0.100647 val_mse=0.437417 val_pcc=0.7358 val_r2=0.5310
[2026-01-02 18:36:12] Epoch 109: train_total=0.130587 val_mse=0.390405 val_pcc=0.7641 val_r2=0.5814
[2026-01-02 18:36:13] Epoch 110: train_total=0.104966 val_mse=0.398345 val_pcc=0.7591 val_r2=0.5729
[2026-01-02 18:36:14] Epoch 111: train_total=0.098373 val_mse=0.371145 val_pcc=0.7804 val_r2=0.6020
[2026-01-02 18:36:15] Epoch 112: train_total=0.082949 val_mse=0.404343 val_pcc=0.7551 val_r2=0.5664
[2026-01-02 18:36:16] Epoch 113: train_total=0.099174 val_mse=0.468590 val_pcc=0.7272 val_r2=0.4975
[2026-01-02 18:36:17] Epoch 114: train_total=0.109657 val_mse=0.465870 val_pcc=0.7558 val_r2=0.5005
[2026-01-02 18:36:18] Epoch 115: train_total=0.105446 val_mse=0.598979 val_pcc=0.7082 val_r2=0.3577
[2026-01-02 18:36:19] Epoch 116: train_total=0.106395 val_mse=0.662145 val_pcc=0.6762 val_r2=0.2900
[2026-01-02 18:36:21] Epoch 117: train_total=0.091119 val_mse=0.664162 val_pcc=0.6798 val_r2=0.2878
[2026-01-02 18:36:22] Epoch 118: train_total=0.091381 val_mse=0.574417 val_pcc=0.7200 val_r2=0.3841
[2026-01-02 18:36:23] Epoch 119: train_total=0.127071 val_mse=0.444605 val_pcc=0.7586 val_r2=0.5233
[2026-01-02 18:36:24] Epoch 120: train_total=0.112235 val_mse=0.397258 val_pcc=0.7739 val_r2=0.5740
[2026-01-02 18:36:25] Epoch 121: train_total=0.091935 val_mse=0.384329 val_pcc=0.7757 val_r2=0.5879
[2026-01-02 18:36:26] Epoch 122: train_total=0.093444 val_mse=0.413397 val_pcc=0.7611 val_r2=0.5567
[2026-01-02 18:36:27] Epoch 123: train_total=0.113813 val_mse=0.363992 val_pcc=0.7917 val_r2=0.6097
[2026-01-02 18:36:28] Epoch 124: train_total=0.095436 val_mse=0.420456 val_pcc=0.7667 val_r2=0.5492
[2026-01-02 18:36:29] Epoch 125: train_total=0.086878 val_mse=0.494710 val_pcc=0.7378 val_r2=0.4695
[2026-01-02 18:36:30] Epoch 126: train_total=0.090900 val_mse=0.472669 val_pcc=0.7456 val_r2=0.4932
[2026-01-02 18:36:31] Epoch 127: train_total=0.097703 val_mse=0.459464 val_pcc=0.7355 val_r2=0.5073
[2026-01-02 18:36:32] Epoch 128: train_total=0.086596 val_mse=0.399953 val_pcc=0.7627 val_r2=0.5711
[2026-01-02 18:36:33] Epoch 129: train_total=0.097190 val_mse=0.343051 val_pcc=0.7979 val_r2=0.6322
[2026-01-02 18:36:35] Epoch 130: train_total=0.094959 val_mse=0.393211 val_pcc=0.7692 val_r2=0.5784
[2026-01-02 18:36:36] Epoch 131: train_total=0.094997 val_mse=0.357971 val_pcc=0.7933 val_r2=0.6162
[2026-01-02 18:36:37] Epoch 132: train_total=0.078226 val_mse=0.342510 val_pcc=0.8042 val_r2=0.6327
[2026-01-02 18:36:38] Epoch 133: train_total=0.115357 val_mse=0.361984 val_pcc=0.7894 val_r2=0.6118
[2026-01-02 18:36:39] Epoch 134: train_total=0.060599 val_mse=0.339576 val_pcc=0.8031 val_r2=0.6359
[2026-01-02 18:36:40] Epoch 135: train_total=0.107937 val_mse=0.327642 val_pcc=0.8105 val_r2=0.6487
[2026-01-02 18:36:41] Epoch 136: train_total=0.086603 val_mse=0.357246 val_pcc=0.7953 val_r2=0.6169
[2026-01-02 18:36:43] Epoch 137: train_total=0.132537 val_mse=0.393417 val_pcc=0.7793 val_r2=0.5781
[2026-01-02 18:36:44] Epoch 138: train_total=0.074856 val_mse=0.380472 val_pcc=0.7863 val_r2=0.5920
[2026-01-02 18:36:45] Epoch 139: train_total=0.100791 val_mse=0.351661 val_pcc=0.8017 val_r2=0.6229
[2026-01-02 18:36:46] Epoch 140: train_total=0.069310 val_mse=0.342306 val_pcc=0.8053 val_r2=0.6330
[2026-01-02 18:36:47] Epoch 141: train_total=0.104356 val_mse=0.364452 val_pcc=0.7944 val_r2=0.6092
[2026-01-02 18:36:48] Epoch 142: train_total=0.099335 val_mse=0.359450 val_pcc=0.7957 val_r2=0.6146
[2026-01-02 18:36:49] Epoch 143: train_total=0.084482 val_mse=0.341975 val_pcc=0.8043 val_r2=0.6333
[2026-01-02 18:36:50] Epoch 144: train_total=0.097633 val_mse=0.332276 val_pcc=0.8095 val_r2=0.6437
[2026-01-02 18:36:51] Epoch 145: train_total=0.088821 val_mse=0.333792 val_pcc=0.8089 val_r2=0.6421
[2026-01-02 18:36:52] Epoch 146: train_total=0.094275 val_mse=0.340008 val_pcc=0.8060 val_r2=0.6354
[2026-01-02 18:36:53] Epoch 147: train_total=0.106755 val_mse=0.333603 val_pcc=0.8091 val_r2=0.6423
[2026-01-02 18:36:54] Epoch 148: train_total=0.086660 val_mse=0.330811 val_pcc=0.8096 val_r2=0.6453
[2026-01-02 18:36:56] Epoch 149: train_total=0.096364 val_mse=0.328435 val_pcc=0.8108 val_r2=0.6478
[2026-01-02 18:36:57] Epoch 150: train_total=0.086161 val_mse=0.335254 val_pcc=0.8076 val_r2=0.6405
[2026-01-02 18:37:07] Done. test_metrics={'MSE': 0.43601536156923626, 'PCC': 0.7739187591073288, 'R2': 0.5908108435375319}
